<?xml version="1.0" encoding="UTF-8"?>
<!-- Generated by org.testng.reporters.JUnitReportReporter -->
<testsuite hostname="PREMKUMAR" failures="0" tests="1" name="Framework_GroupID.BuildFramework.navigationBarValidate" time="0.418" errors="0" timestamp="2022-01-05T06:51:12 EST" skipped="0">
  <testcase classname="Framework_GroupID.BuildFramework.navigationBarValidate" name="navigationMenuValidate" time="0.418"/>
  <system-out/>
</testsuite> <!-- Framework_GroupID.BuildFramework.navigationBarValidate -->
