<?xml version="1.0" encoding="UTF-8"?>
<!-- Generated by org.testng.reporters.JUnitReportReporter -->
<testsuite hostname="PREMKUMAR" failures="0" tests="1" name="Framework_GroupID.BuildFramework.navigationBarValidate" time="0.329" errors="0" timestamp="2022-01-04T09:07:11 EST" skipped="0">
  <testcase classname="Framework_GroupID.BuildFramework.navigationBarValidate" name="navigationMenuValidate" time="0.329"/>
  <system-out/>
</testsuite> <!-- Framework_GroupID.BuildFramework.navigationBarValidate -->
